<?xml version="1.0" encoding="UTF-8"?>
<testsuite name="Test" tests="4" skipped="0" failures="0" errors="0" timestamp="2019-08-27T01:34:39" hostname="DESKTOP-C4324GM" time="0.019">
  <properties/>
  <testcase name="test1" classname="Test" time="0.018"/>
  <testcase name="test2" classname="Test" time="0.001"/>
  <testcase name="test3" classname="Test" time="0.0"/>
  <testcase name="test4" classname="Test" time="0.0"/>
  <system-out><![CDATA[]]></system-out>
  <system-err><![CDATA[]]></system-err>
</testsuite>
