<?xml version="1.0" encoding="UTF-8"?>
<testsuite name="Test" tests="1" skipped="0" failures="0" errors="0" timestamp="2019-08-27T01:33:29" hostname="DESKTOP-C4324GM" time="0.039">
  <properties/>
  <testcase name="testNonNull" classname="Test" time="0.039"/>
  <system-out><![CDATA[]]></system-out>
  <system-err><![CDATA[]]></system-err>
</testsuite>
